[0.182s] Invoking command in '/home/mpuig/ros2_course/ros2_ws/src/ros2_app_py': PYTHONPATH=/home/mpuig/ros2_course/ros2_ws/install/ros2_app_py/lib/python3.8/site-packages:${PYTHONPATH} /usr/bin/python3 setup.py egg_info --egg-base ../../build/ros2_app_py build --build-base /home/mpuig/ros2_course/ros2_ws/build/ros2_app_py/build install --prefix /home/mpuig/ros2_course/ros2_ws/install/ros2_app_py --record /home/mpuig/ros2_course/ros2_ws/build/ros2_app_py/install.log --single-version-externally-managed
[0.341s] running egg_info
[0.341s] writing ../../build/ros2_app_py/ros2_app_py.egg-info/PKG-INFO
[0.341s] writing dependency_links to ../../build/ros2_app_py/ros2_app_py.egg-info/dependency_links.txt
[0.341s] writing entry points to ../../build/ros2_app_py/ros2_app_py.egg-info/entry_points.txt
[0.341s] writing requirements to ../../build/ros2_app_py/ros2_app_py.egg-info/requires.txt
[0.341s] writing top-level names to ../../build/ros2_app_py/ros2_app_py.egg-info/top_level.txt
[0.363s] reading manifest file '../../build/ros2_app_py/ros2_app_py.egg-info/SOURCES.txt'
[0.364s] writing manifest file '../../build/ros2_app_py/ros2_app_py.egg-info/SOURCES.txt'
[0.364s] running build
[0.364s] running build_py
[0.365s] running install
[0.366s] running install_lib
[0.366s] running install_data
[0.366s] running install_egg_info
[0.370s] removing '/home/mpuig/ros2_course/ros2_ws/install/ros2_app_py/lib/python3.8/site-packages/ros2_app_py-0.0.0-py3.8.egg-info' (and everything under it)
[0.370s] Copying ../../build/ros2_app_py/ros2_app_py.egg-info to /home/mpuig/ros2_course/ros2_ws/install/ros2_app_py/lib/python3.8/site-packages/ros2_app_py-0.0.0-py3.8.egg-info
[0.370s] running install_scripts
[0.382s] Installing number_publisher script to /home/mpuig/ros2_course/ros2_ws/install/ros2_app_py/lib/ros2_app_py
[0.382s] writing list of installed files to '/home/mpuig/ros2_course/ros2_ws/build/ros2_app_py/install.log'
[0.394s] Invoked command in '/home/mpuig/ros2_course/ros2_ws/src/ros2_app_py' returned '0': PYTHONPATH=/home/mpuig/ros2_course/ros2_ws/install/ros2_app_py/lib/python3.8/site-packages:${PYTHONPATH} /usr/bin/python3 setup.py egg_info --egg-base ../../build/ros2_app_py build --build-base /home/mpuig/ros2_course/ros2_ws/build/ros2_app_py/build install --prefix /home/mpuig/ros2_course/ros2_ws/install/ros2_app_py --record /home/mpuig/ros2_course/ros2_ws/build/ros2_app_py/install.log --single-version-externally-managed
