[0.111s] DEBUG:colcon:Command line arguments: ['/usr/bin/colcon', 'build']
[0.111s] DEBUG:colcon:Parsed command line arguments: Namespace(ament_cmake_args=None, base_paths=['.'], build_base='build', catkin_cmake_args=None, catkin_skip_building_tests=False, cmake_args=None, cmake_clean_cache=False, cmake_clean_first=False, cmake_force_configure=False, cmake_target=None, cmake_target_skip_unavailable=False, continue_on_error=False, event_handlers=None, executor='parallel', ignore_user_meta=False, install_base='install', log_base=None, log_level=None, main=<bound method BuildVerb.main of <colcon_core.verb.build.BuildVerb object at 0x7f62f9b6ae50>>, merge_install=False, metas=['./colcon.meta'], packages_above=None, packages_above_and_dependencies=None, packages_above_depth=None, packages_end=None, packages_ignore=None, packages_ignore_regex=None, packages_select=None, packages_select_build_failed=False, packages_select_by_dep=None, packages_select_regex=None, packages_select_test_failures=False, packages_skip=None, packages_skip_build_finished=False, packages_skip_by_dep=None, packages_skip_regex=None, packages_skip_test_passed=False, packages_skip_up_to=None, packages_start=None, packages_up_to=None, packages_up_to_regex=None, parallel_workers=4, paths=None, symlink_install=False, test_result_base=None, verb_extension=<colcon_core.verb.build.BuildVerb object at 0x7f62f9b6ae50>, verb_name='build', verb_parser=<colcon_defaults.argument_parser.defaults.DefaultArgumentsDecorator object at 0x7f62f9af8400>)
[0.116s] Level 1:colcon.colcon_core.package_discovery:discover_packages(colcon_meta) check parameters
[0.116s] Level 1:colcon.colcon_core.package_discovery:discover_packages(recursive) check parameters
[0.116s] Level 1:colcon.colcon_core.package_discovery:discover_packages(ignore) check parameters
[0.116s] Level 1:colcon.colcon_core.package_discovery:discover_packages(path) check parameters
[0.116s] Level 1:colcon.colcon_core.package_discovery:discover_packages(colcon_meta) discover
[0.116s] Level 1:colcon.colcon_core.package_discovery:discover_packages(recursive) discover
[0.116s] INFO:colcon.colcon_core.package_discovery:Crawling recursively for packages in '/home/mpuig/ros2_course/ros2_ws'
[0.116s] Level 1:colcon.colcon_core.package_identification:_identify(.) by extensions ['ignore', 'ignore_ament_install']
[0.116s] Level 1:colcon.colcon_core.package_identification:_identify(.) by extension 'ignore'
[0.116s] Level 1:colcon.colcon_core.package_identification:_identify(.) by extension 'ignore_ament_install'
[0.116s] Level 1:colcon.colcon_core.package_identification:_identify(.) by extensions ['colcon_pkg']
[0.116s] Level 1:colcon.colcon_core.package_identification:_identify(.) by extension 'colcon_pkg'
[0.116s] Level 1:colcon.colcon_core.package_identification:_identify(.) by extensions ['colcon_meta']
[0.116s] Level 1:colcon.colcon_core.package_identification:_identify(.) by extension 'colcon_meta'
[0.116s] Level 1:colcon.colcon_core.package_identification:_identify(.) by extensions ['ros']
[0.116s] Level 1:colcon.colcon_core.package_identification:_identify(.) by extension 'ros'
[0.124s] Level 1:colcon.colcon_core.package_identification:_identify(.) by extensions ['cmake', 'python']
[0.124s] Level 1:colcon.colcon_core.package_identification:_identify(.) by extension 'cmake'
[0.124s] Level 1:colcon.colcon_core.package_identification:_identify(.) by extension 'python'
[0.125s] Level 1:colcon.colcon_core.package_identification:_identify(.) by extensions ['python_setup_py']
[0.125s] Level 1:colcon.colcon_core.package_identification:_identify(.) by extension 'python_setup_py'
[0.125s] Level 1:colcon.colcon_core.package_identification:_identify(build) by extensions ['ignore', 'ignore_ament_install']
[0.125s] Level 1:colcon.colcon_core.package_identification:_identify(build) by extension 'ignore'
[0.125s] Level 1:colcon.colcon_core.package_identification:_identify(build) ignored
[0.125s] Level 1:colcon.colcon_core.package_identification:_identify(install) by extensions ['ignore', 'ignore_ament_install']
[0.125s] Level 1:colcon.colcon_core.package_identification:_identify(install) by extension 'ignore'
[0.125s] Level 1:colcon.colcon_core.package_identification:_identify(install) ignored
[0.125s] Level 1:colcon.colcon_core.package_identification:_identify(log) by extensions ['ignore', 'ignore_ament_install']
[0.125s] Level 1:colcon.colcon_core.package_identification:_identify(log) by extension 'ignore'
[0.125s] Level 1:colcon.colcon_core.package_identification:_identify(log) ignored
[0.125s] Level 1:colcon.colcon_core.package_identification:_identify(src) by extensions ['ignore', 'ignore_ament_install']
[0.125s] Level 1:colcon.colcon_core.package_identification:_identify(src) by extension 'ignore'
[0.125s] Level 1:colcon.colcon_core.package_identification:_identify(src) by extension 'ignore_ament_install'
[0.125s] Level 1:colcon.colcon_core.package_identification:_identify(src) by extensions ['colcon_pkg']
[0.126s] Level 1:colcon.colcon_core.package_identification:_identify(src) by extension 'colcon_pkg'
[0.126s] Level 1:colcon.colcon_core.package_identification:_identify(src) by extensions ['colcon_meta']
[0.126s] Level 1:colcon.colcon_core.package_identification:_identify(src) by extension 'colcon_meta'
[0.126s] Level 1:colcon.colcon_core.package_identification:_identify(src) by extensions ['ros']
[0.126s] Level 1:colcon.colcon_core.package_identification:_identify(src) by extension 'ros'
[0.126s] Level 1:colcon.colcon_core.package_identification:_identify(src) by extensions ['cmake', 'python']
[0.126s] Level 1:colcon.colcon_core.package_identification:_identify(src) by extension 'cmake'
[0.126s] Level 1:colcon.colcon_core.package_identification:_identify(src) by extension 'python'
[0.126s] Level 1:colcon.colcon_core.package_identification:_identify(src) by extensions ['python_setup_py']
[0.126s] Level 1:colcon.colcon_core.package_identification:_identify(src) by extension 'python_setup_py'
[0.126s] Level 1:colcon.colcon_core.package_identification:_identify(src/ros2_app_cpp) by extensions ['ignore', 'ignore_ament_install']
[0.126s] Level 1:colcon.colcon_core.package_identification:_identify(src/ros2_app_cpp) by extension 'ignore'
[0.126s] Level 1:colcon.colcon_core.package_identification:_identify(src/ros2_app_cpp) by extension 'ignore_ament_install'
[0.126s] Level 1:colcon.colcon_core.package_identification:_identify(src/ros2_app_cpp) by extensions ['colcon_pkg']
[0.126s] Level 1:colcon.colcon_core.package_identification:_identify(src/ros2_app_cpp) by extension 'colcon_pkg'
[0.126s] Level 1:colcon.colcon_core.package_identification:_identify(src/ros2_app_cpp) by extensions ['colcon_meta']
[0.126s] Level 1:colcon.colcon_core.package_identification:_identify(src/ros2_app_cpp) by extension 'colcon_meta'
[0.126s] Level 1:colcon.colcon_core.package_identification:_identify(src/ros2_app_cpp) by extensions ['ros']
[0.126s] Level 1:colcon.colcon_core.package_identification:_identify(src/ros2_app_cpp) by extension 'ros'
[0.129s] DEBUG:colcon.colcon_core.package_identification:Package 'src/ros2_app_cpp' with type 'ros.ament_cmake' and name 'ros2_app_cpp'
[0.129s] Level 1:colcon.colcon_core.package_identification:_identify(src/ros2_app_py) by extensions ['ignore', 'ignore_ament_install']
[0.129s] Level 1:colcon.colcon_core.package_identification:_identify(src/ros2_app_py) by extension 'ignore'
[0.129s] Level 1:colcon.colcon_core.package_identification:_identify(src/ros2_app_py) by extension 'ignore_ament_install'
[0.129s] Level 1:colcon.colcon_core.package_identification:_identify(src/ros2_app_py) by extensions ['colcon_pkg']
[0.129s] Level 1:colcon.colcon_core.package_identification:_identify(src/ros2_app_py) by extension 'colcon_pkg'
[0.129s] Level 1:colcon.colcon_core.package_identification:_identify(src/ros2_app_py) by extensions ['colcon_meta']
[0.129s] Level 1:colcon.colcon_core.package_identification:_identify(src/ros2_app_py) by extension 'colcon_meta'
[0.129s] Level 1:colcon.colcon_core.package_identification:_identify(src/ros2_app_py) by extensions ['ros']
[0.129s] Level 1:colcon.colcon_core.package_identification:_identify(src/ros2_app_py) by extension 'ros'
[0.130s] DEBUG:colcon.colcon_core.package_identification:Package 'src/ros2_app_py' with type 'ros.ament_python' and name 'ros2_app_py'
[0.130s] Level 1:colcon.colcon_core.package_discovery:discover_packages(recursive) using defaults
[0.130s] Level 1:colcon.colcon_core.package_discovery:discover_packages(ignore) discover
[0.130s] Level 1:colcon.colcon_core.package_discovery:discover_packages(ignore) using defaults
[0.130s] Level 1:colcon.colcon_core.package_discovery:discover_packages(path) discover
[0.130s] Level 1:colcon.colcon_core.package_discovery:discover_packages(path) using defaults
[0.144s] Level 5:colcon.colcon_core.verb:set package 'ros2_app_cpp' build argument 'cmake_args' from command line to 'None'
[0.144s] Level 5:colcon.colcon_core.verb:set package 'ros2_app_cpp' build argument 'cmake_target' from command line to 'None'
[0.144s] Level 5:colcon.colcon_core.verb:set package 'ros2_app_cpp' build argument 'cmake_target_skip_unavailable' from command line to 'False'
[0.144s] Level 5:colcon.colcon_core.verb:set package 'ros2_app_cpp' build argument 'cmake_clean_cache' from command line to 'False'
[0.144s] Level 5:colcon.colcon_core.verb:set package 'ros2_app_cpp' build argument 'cmake_clean_first' from command line to 'False'
[0.144s] Level 5:colcon.colcon_core.verb:set package 'ros2_app_cpp' build argument 'cmake_force_configure' from command line to 'False'
[0.144s] Level 5:colcon.colcon_core.verb:set package 'ros2_app_cpp' build argument 'ament_cmake_args' from command line to 'None'
[0.144s] Level 5:colcon.colcon_core.verb:set package 'ros2_app_cpp' build argument 'catkin_cmake_args' from command line to 'None'
[0.144s] Level 5:colcon.colcon_core.verb:set package 'ros2_app_cpp' build argument 'catkin_skip_building_tests' from command line to 'False'
[0.144s] DEBUG:colcon.colcon_core.verb:Building package 'ros2_app_cpp' with the following arguments: {'ament_cmake_args': None, 'build_base': '/home/mpuig/ros2_course/ros2_ws/build/ros2_app_cpp', 'catkin_cmake_args': None, 'catkin_skip_building_tests': False, 'cmake_args': None, 'cmake_clean_cache': False, 'cmake_clean_first': False, 'cmake_force_configure': False, 'cmake_target': None, 'cmake_target_skip_unavailable': False, 'install_base': '/home/mpuig/ros2_course/ros2_ws/install/ros2_app_cpp', 'merge_install': False, 'path': '/home/mpuig/ros2_course/ros2_ws/src/ros2_app_cpp', 'symlink_install': False, 'test_result_base': None}
[0.146s] Level 5:colcon.colcon_core.verb:set package 'ros2_app_py' build argument 'cmake_args' from command line to 'None'
[0.146s] Level 5:colcon.colcon_core.verb:set package 'ros2_app_py' build argument 'cmake_target' from command line to 'None'
[0.146s] Level 5:colcon.colcon_core.verb:set package 'ros2_app_py' build argument 'cmake_target_skip_unavailable' from command line to 'False'
[0.146s] Level 5:colcon.colcon_core.verb:set package 'ros2_app_py' build argument 'cmake_clean_cache' from command line to 'False'
[0.146s] Level 5:colcon.colcon_core.verb:set package 'ros2_app_py' build argument 'cmake_clean_first' from command line to 'False'
[0.146s] Level 5:colcon.colcon_core.verb:set package 'ros2_app_py' build argument 'cmake_force_configure' from command line to 'False'
[0.146s] Level 5:colcon.colcon_core.verb:set package 'ros2_app_py' build argument 'ament_cmake_args' from command line to 'None'
[0.146s] Level 5:colcon.colcon_core.verb:set package 'ros2_app_py' build argument 'catkin_cmake_args' from command line to 'None'
[0.146s] Level 5:colcon.colcon_core.verb:set package 'ros2_app_py' build argument 'catkin_skip_building_tests' from command line to 'False'
[0.146s] DEBUG:colcon.colcon_core.verb:Building package 'ros2_app_py' with the following arguments: {'ament_cmake_args': None, 'build_base': '/home/mpuig/ros2_course/ros2_ws/build/ros2_app_py', 'catkin_cmake_args': None, 'catkin_skip_building_tests': False, 'cmake_args': None, 'cmake_clean_cache': False, 'cmake_clean_first': False, 'cmake_force_configure': False, 'cmake_target': None, 'cmake_target_skip_unavailable': False, 'install_base': '/home/mpuig/ros2_course/ros2_ws/install/ros2_app_py', 'merge_install': False, 'path': '/home/mpuig/ros2_course/ros2_ws/src/ros2_app_py', 'symlink_install': False, 'test_result_base': None}
[0.147s] INFO:colcon.colcon_core.executor:Executing jobs using 'parallel' executor
[0.148s] DEBUG:colcon.colcon_parallel_executor.executor.parallel:run_until_complete
[0.148s] INFO:colcon.colcon_ros.task.ament_cmake.build:Building ROS package in '/home/mpuig/ros2_course/ros2_ws/src/ros2_app_cpp' with build type 'ament_cmake'
[0.149s] INFO:colcon.colcon_cmake.task.cmake.build:Building CMake package in '/home/mpuig/ros2_course/ros2_ws/src/ros2_app_cpp'
[0.151s] INFO:colcon.colcon_core.plugin_system:Skipping extension 'colcon_core.shell.bat': Not used on non-Windows systems
[0.152s] INFO:colcon.colcon_core.shell:Skip shell extension 'powershell' for command environment: Not usable outside of PowerShell
[0.152s] DEBUG:colcon.colcon_core.shell:Skip shell extension 'dsv' for command environment
[0.153s] DEBUG:colcon.colcon_core.shell:Ignoring prefix path '/opt/ros/foxy'
[0.155s] INFO:colcon.colcon_ros.task.ament_python.build:Building ROS package in '/home/mpuig/ros2_course/ros2_ws/src/ros2_app_py' with build type 'ament_python'
[0.155s] Level 1:colcon.colcon_core.shell:create_environment_hook('ros2_app_py', 'ament_prefix_path')
[0.156s] INFO:colcon.colcon_core.shell:Creating environment hook '/home/mpuig/ros2_course/ros2_ws/install/ros2_app_py/share/ros2_app_py/hook/ament_prefix_path.ps1'
[0.157s] INFO:colcon.colcon_core.shell:Creating environment descriptor '/home/mpuig/ros2_course/ros2_ws/install/ros2_app_py/share/ros2_app_py/hook/ament_prefix_path.dsv'
[0.157s] INFO:colcon.colcon_core.shell:Creating environment hook '/home/mpuig/ros2_course/ros2_ws/install/ros2_app_py/share/ros2_app_py/hook/ament_prefix_path.sh'
[0.158s] INFO:colcon.colcon_core.shell:Skip shell extension 'powershell' for command environment: Not usable outside of PowerShell
[0.158s] DEBUG:colcon.colcon_core.shell:Skip shell extension 'dsv' for command environment
[0.159s] DEBUG:colcon.colcon_core.shell:Ignoring prefix path '/opt/ros/foxy'
[0.163s] DEBUG:colcon.colcon_core.event_handler.log_command:Invoking command in '/home/mpuig/ros2_course/ros2_ws/build/ros2_app_cpp': CMAKE_PREFIX_PATH=/opt/ros/foxy /usr/bin/cmake /home/mpuig/ros2_course/ros2_ws/src/ros2_app_cpp -DCMAKE_INSTALL_PREFIX=/home/mpuig/ros2_course/ros2_ws/install/ros2_app_cpp
[0.522s] INFO:colcon.colcon_core.task.python.build:Building Python package in '/home/mpuig/ros2_course/ros2_ws/src/ros2_app_py'
[0.522s] INFO:colcon.colcon_core.shell:Skip shell extension 'powershell' for command environment: Not usable outside of PowerShell
[0.522s] DEBUG:colcon.colcon_core.shell:Skip shell extension 'dsv' for command environment
[0.524s] DEBUG:colcon.colcon_core.shell:Ignoring prefix path '/opt/ros/foxy'
[0.530s] DEBUG:colcon.colcon_core.event_handler.log_command:Invoking command in '/home/mpuig/ros2_course/ros2_ws/src/ros2_app_py': PYTHONPATH=/home/mpuig/ros2_course/ros2_ws/install/ros2_app_py/lib/python3.8/site-packages:${PYTHONPATH} /usr/bin/python3 setup.py egg_info --egg-base ../../build/ros2_app_py build --build-base /home/mpuig/ros2_course/ros2_ws/build/ros2_app_py/build install --prefix /home/mpuig/ros2_course/ros2_ws/install/ros2_app_py --record /home/mpuig/ros2_course/ros2_ws/build/ros2_app_py/install.log --single-version-externally-managed
[0.787s] DEBUG:colcon.colcon_core.event_handler.log_command:Invoked command in '/home/mpuig/ros2_course/ros2_ws/src/ros2_app_py' returned '0': PYTHONPATH=/home/mpuig/ros2_course/ros2_ws/install/ros2_app_py/lib/python3.8/site-packages:${PYTHONPATH} /usr/bin/python3 setup.py egg_info --egg-base ../../build/ros2_app_py build --build-base /home/mpuig/ros2_course/ros2_ws/build/ros2_app_py/build install --prefix /home/mpuig/ros2_course/ros2_ws/install/ros2_app_py --record /home/mpuig/ros2_course/ros2_ws/build/ros2_app_py/install.log --single-version-externally-managed
[0.789s] Level 1:colcon.colcon_core.environment:checking '/home/mpuig/ros2_course/ros2_ws/install/ros2_app_py' for CMake module files
[0.790s] Level 1:colcon.colcon_core.environment:checking '/home/mpuig/ros2_course/ros2_ws/install/ros2_app_py' for CMake config files
[0.790s] Level 1:colcon.colcon_core.environment:checking '/home/mpuig/ros2_course/ros2_ws/install/ros2_app_py/lib'
[0.790s] Level 1:colcon.colcon_core.environment:checking '/home/mpuig/ros2_course/ros2_ws/install/ros2_app_py/bin'
[0.790s] Level 1:colcon.colcon_core.environment:checking '/home/mpuig/ros2_course/ros2_ws/install/ros2_app_py/lib/pkgconfig/ros2_app_py.pc'
[0.791s] Level 1:colcon.colcon_core.environment:checking '/home/mpuig/ros2_course/ros2_ws/install/ros2_app_py/lib/python3.8/site-packages'
[0.791s] Level 1:colcon.colcon_core.shell:create_environment_hook('ros2_app_py', 'pythonpath')
[0.791s] INFO:colcon.colcon_core.shell:Creating environment hook '/home/mpuig/ros2_course/ros2_ws/install/ros2_app_py/share/ros2_app_py/hook/pythonpath.ps1'
[0.792s] INFO:colcon.colcon_core.shell:Creating environment descriptor '/home/mpuig/ros2_course/ros2_ws/install/ros2_app_py/share/ros2_app_py/hook/pythonpath.dsv'
[0.792s] INFO:colcon.colcon_core.shell:Creating environment hook '/home/mpuig/ros2_course/ros2_ws/install/ros2_app_py/share/ros2_app_py/hook/pythonpath.sh'
[0.792s] Level 1:colcon.colcon_core.environment:create_environment_scripts_only(ros2_app_py)
[0.793s] INFO:colcon.colcon_core.shell:Creating package script '/home/mpuig/ros2_course/ros2_ws/install/ros2_app_py/share/ros2_app_py/package.ps1'
[0.794s] INFO:colcon.colcon_core.shell:Creating package descriptor '/home/mpuig/ros2_course/ros2_ws/install/ros2_app_py/share/ros2_app_py/package.dsv'
[0.795s] INFO:colcon.colcon_core.shell:Creating package script '/home/mpuig/ros2_course/ros2_ws/install/ros2_app_py/share/ros2_app_py/package.sh'
[0.796s] INFO:colcon.colcon_core.shell:Creating package script '/home/mpuig/ros2_course/ros2_ws/install/ros2_app_py/share/ros2_app_py/package.bash'
[0.797s] INFO:colcon.colcon_core.shell:Creating package script '/home/mpuig/ros2_course/ros2_ws/install/ros2_app_py/share/ros2_app_py/package.zsh'
[0.798s] Level 1:colcon.colcon_core.environment:create_file_with_runtime_dependencies(/home/mpuig/ros2_course/ros2_ws/install/ros2_app_py/share/colcon-core/packages/ros2_app_py)
[1.925s] DEBUG:colcon.colcon_core.event_handler.log_command:Invoked command in '/home/mpuig/ros2_course/ros2_ws/build/ros2_app_cpp' returned '0': CMAKE_PREFIX_PATH=/opt/ros/foxy /usr/bin/cmake /home/mpuig/ros2_course/ros2_ws/src/ros2_app_cpp -DCMAKE_INSTALL_PREFIX=/home/mpuig/ros2_course/ros2_ws/install/ros2_app_cpp
[1.926s] DEBUG:colcon.colcon_core.event_handler.log_command:Invoking command in '/home/mpuig/ros2_course/ros2_ws/build/ros2_app_cpp': CMAKE_PREFIX_PATH=/opt/ros/foxy /usr/bin/cmake --build /home/mpuig/ros2_course/ros2_ws/build/ros2_app_cpp -- -j4 -l4
[1.964s] DEBUG:colcon.colcon_core.event_handler.log_command:Invoked command in '/home/mpuig/ros2_course/ros2_ws/build/ros2_app_cpp' returned '0': CMAKE_PREFIX_PATH=/opt/ros/foxy /usr/bin/cmake --build /home/mpuig/ros2_course/ros2_ws/build/ros2_app_cpp -- -j4 -l4
[1.990s] DEBUG:colcon.colcon_core.event_handler.log_command:Invoking command in '/home/mpuig/ros2_course/ros2_ws/build/ros2_app_cpp': CMAKE_PREFIX_PATH=/opt/ros/foxy /usr/bin/cmake --install /home/mpuig/ros2_course/ros2_ws/build/ros2_app_cpp
[2.003s] Level 1:colcon.colcon_core.environment:create_environment_scripts_only(ros2_app_cpp)
[2.004s] Level 1:colcon.colcon_core.environment:checking '/home/mpuig/ros2_course/ros2_ws/install/ros2_app_cpp' for CMake module files
[2.005s] Level 1:colcon.colcon_core.environment:checking '/home/mpuig/ros2_course/ros2_ws/install/ros2_app_cpp' for CMake config files
[2.005s] Level 1:colcon.colcon_core.shell:create_environment_hook('ros2_app_cpp', 'cmake_prefix_path')
[2.005s] INFO:colcon.colcon_core.shell:Creating environment hook '/home/mpuig/ros2_course/ros2_ws/install/ros2_app_cpp/share/ros2_app_cpp/hook/cmake_prefix_path.ps1'
[2.006s] INFO:colcon.colcon_core.shell:Creating environment descriptor '/home/mpuig/ros2_course/ros2_ws/install/ros2_app_cpp/share/ros2_app_cpp/hook/cmake_prefix_path.dsv'
[2.006s] INFO:colcon.colcon_core.shell:Creating environment hook '/home/mpuig/ros2_course/ros2_ws/install/ros2_app_cpp/share/ros2_app_cpp/hook/cmake_prefix_path.sh'
[2.007s] DEBUG:colcon.colcon_core.event_handler.log_command:Invoked command in '/home/mpuig/ros2_course/ros2_ws/build/ros2_app_cpp' returned '0': CMAKE_PREFIX_PATH=/opt/ros/foxy /usr/bin/cmake --install /home/mpuig/ros2_course/ros2_ws/build/ros2_app_cpp
[2.008s] Level 1:colcon.colcon_core.environment:checking '/home/mpuig/ros2_course/ros2_ws/install/ros2_app_cpp/bin'
[2.008s] Level 1:colcon.colcon_core.environment:checking '/home/mpuig/ros2_course/ros2_ws/install/ros2_app_cpp/lib/pkgconfig/ros2_app_cpp.pc'
[2.008s] Level 1:colcon.colcon_core.environment:checking '/home/mpuig/ros2_course/ros2_ws/install/ros2_app_cpp/lib/python3.8/site-packages'
[2.009s] INFO:colcon.colcon_core.shell:Creating package script '/home/mpuig/ros2_course/ros2_ws/install/ros2_app_cpp/share/ros2_app_cpp/package.ps1'
[2.009s] INFO:colcon.colcon_core.shell:Creating package descriptor '/home/mpuig/ros2_course/ros2_ws/install/ros2_app_cpp/share/ros2_app_cpp/package.dsv'
[2.010s] INFO:colcon.colcon_core.shell:Creating package script '/home/mpuig/ros2_course/ros2_ws/install/ros2_app_cpp/share/ros2_app_cpp/package.sh'
[2.010s] INFO:colcon.colcon_core.shell:Creating package script '/home/mpuig/ros2_course/ros2_ws/install/ros2_app_cpp/share/ros2_app_cpp/package.bash'
[2.011s] INFO:colcon.colcon_core.shell:Creating package script '/home/mpuig/ros2_course/ros2_ws/install/ros2_app_cpp/share/ros2_app_cpp/package.zsh'
[2.011s] Level 1:colcon.colcon_core.environment:create_file_with_runtime_dependencies(/home/mpuig/ros2_course/ros2_ws/install/ros2_app_cpp/share/colcon-core/packages/ros2_app_cpp)
[2.028s] Level 1:colcon.colcon_core.environment:create_environment_scripts_only(ros2_app_cpp)
[2.029s] Level 1:colcon.colcon_core.environment:checking '/home/mpuig/ros2_course/ros2_ws/install/ros2_app_cpp' for CMake module files
[2.029s] Level 1:colcon.colcon_core.environment:checking '/home/mpuig/ros2_course/ros2_ws/install/ros2_app_cpp' for CMake config files
[2.029s] Level 1:colcon.colcon_core.shell:create_environment_hook('ros2_app_cpp', 'cmake_prefix_path')
[2.030s] INFO:colcon.colcon_core.shell:Creating environment hook '/home/mpuig/ros2_course/ros2_ws/install/ros2_app_cpp/share/ros2_app_cpp/hook/cmake_prefix_path.ps1'
[2.030s] INFO:colcon.colcon_core.shell:Creating environment descriptor '/home/mpuig/ros2_course/ros2_ws/install/ros2_app_cpp/share/ros2_app_cpp/hook/cmake_prefix_path.dsv'
[2.030s] INFO:colcon.colcon_core.shell:Creating environment hook '/home/mpuig/ros2_course/ros2_ws/install/ros2_app_cpp/share/ros2_app_cpp/hook/cmake_prefix_path.sh'
[2.031s] Level 1:colcon.colcon_core.environment:checking '/home/mpuig/ros2_course/ros2_ws/install/ros2_app_cpp/bin'
[2.031s] Level 1:colcon.colcon_core.environment:checking '/home/mpuig/ros2_course/ros2_ws/install/ros2_app_cpp/lib/pkgconfig/ros2_app_cpp.pc'
[2.031s] Level 1:colcon.colcon_core.environment:checking '/home/mpuig/ros2_course/ros2_ws/install/ros2_app_cpp/lib/python3.8/site-packages'
[2.032s] INFO:colcon.colcon_core.shell:Creating package script '/home/mpuig/ros2_course/ros2_ws/install/ros2_app_cpp/share/ros2_app_cpp/package.ps1'
[2.033s] INFO:colcon.colcon_core.shell:Creating package descriptor '/home/mpuig/ros2_course/ros2_ws/install/ros2_app_cpp/share/ros2_app_cpp/package.dsv'
[2.033s] INFO:colcon.colcon_core.shell:Creating package script '/home/mpuig/ros2_course/ros2_ws/install/ros2_app_cpp/share/ros2_app_cpp/package.sh'
[2.034s] INFO:colcon.colcon_core.shell:Creating package script '/home/mpuig/ros2_course/ros2_ws/install/ros2_app_cpp/share/ros2_app_cpp/package.bash'
[2.034s] INFO:colcon.colcon_core.shell:Creating package script '/home/mpuig/ros2_course/ros2_ws/install/ros2_app_cpp/share/ros2_app_cpp/package.zsh'
[2.034s] Level 1:colcon.colcon_core.environment:create_file_with_runtime_dependencies(/home/mpuig/ros2_course/ros2_ws/install/ros2_app_cpp/share/colcon-core/packages/ros2_app_cpp)
[2.035s] DEBUG:colcon.colcon_parallel_executor.executor.parallel:closing loop
[2.035s] DEBUG:colcon.colcon_parallel_executor.executor.parallel:loop closed
[2.035s] DEBUG:colcon.colcon_parallel_executor.executor.parallel:run_until_complete finished with '0'
[2.035s] DEBUG:colcon.colcon_core.event_reactor:joining thread
[2.040s] INFO:colcon.colcon_core.plugin_system:Skipping extension 'colcon_notification.desktop_notification.terminal_notifier': Not used on non-Darwin systems
[2.040s] INFO:colcon.colcon_core.plugin_system:Skipping extension 'colcon_notification.desktop_notification.win32': Not used on non-Windows systems
[2.040s] INFO:colcon.colcon_notification.desktop_notification:Sending desktop notification using 'notify2'
[2.057s] DEBUG:colcon.colcon_core.event_reactor:joined thread
[2.058s] INFO:colcon.colcon_core.shell:Creating prefix script '/home/mpuig/ros2_course/ros2_ws/install/local_setup.ps1'
[2.059s] INFO:colcon.colcon_core.shell:Creating prefix util module '/home/mpuig/ros2_course/ros2_ws/install/_local_setup_util_ps1.py'
[2.060s] INFO:colcon.colcon_core.shell:Creating prefix chain script '/home/mpuig/ros2_course/ros2_ws/install/setup.ps1'
[2.061s] INFO:colcon.colcon_core.shell:Creating prefix script '/home/mpuig/ros2_course/ros2_ws/install/local_setup.sh'
[2.062s] INFO:colcon.colcon_core.shell:Creating prefix util module '/home/mpuig/ros2_course/ros2_ws/install/_local_setup_util_sh.py'
[2.062s] INFO:colcon.colcon_core.shell:Creating prefix chain script '/home/mpuig/ros2_course/ros2_ws/install/setup.sh'
[2.064s] INFO:colcon.colcon_core.shell:Creating prefix script '/home/mpuig/ros2_course/ros2_ws/install/local_setup.bash'
[2.069s] INFO:colcon.colcon_core.shell:Creating prefix chain script '/home/mpuig/ros2_course/ros2_ws/install/setup.bash'
[2.071s] INFO:colcon.colcon_core.shell:Creating prefix script '/home/mpuig/ros2_course/ros2_ws/install/local_setup.zsh'
[2.072s] INFO:colcon.colcon_core.shell:Creating prefix chain script '/home/mpuig/ros2_course/ros2_ws/install/setup.zsh'
