[0.013s] Invoking command in '/home/mpuig/ros2_course/ros2_ws/build/ros2_app_cpp': CMAKE_PREFIX_PATH=/opt/ros/foxy /usr/bin/cmake /home/mpuig/ros2_course/ros2_ws/src/ros2_app_cpp -DCMAKE_INSTALL_PREFIX=/home/mpuig/ros2_course/ros2_ws/install/ros2_app_cpp
[0.145s] -- The C compiler identification is GNU 9.3.0
[0.250s] -- The CXX compiler identification is GNU 9.3.0
[0.255s] -- Check for working C compiler: /usr/bin/cc
[0.353s] -- Check for working C compiler: /usr/bin/cc -- works
[0.353s] -- Detecting C compiler ABI info
[0.419s] -- Detecting C compiler ABI info - done
[0.424s] -- Detecting C compile features
[0.425s] -- Detecting C compile features - done
[0.427s] -- Check for working CXX compiler: /usr/bin/c++
[0.490s] -- Check for working CXX compiler: /usr/bin/c++ -- works
[0.490s] -- Detecting CXX compiler ABI info
[0.550s] -- Detecting CXX compiler ABI info - done
[0.560s] -- Detecting CXX compile features
[0.561s] -- Detecting CXX compile features - done
[0.586s] -- Found ament_cmake: 0.9.8 (/opt/ros/foxy/share/ament_cmake/cmake)
[0.648s] -- Found PythonInterp: /usr/bin/python3 (found suitable version "3.8.5", minimum required is "3") 
[0.648s] -- Using PYTHON_EXECUTABLE: /usr/bin/python3
[0.836s] -- Found rclcpp: 2.3.0 (/opt/ros/foxy/share/rclcpp/cmake)
[0.935s] -- Using all available rosidl_typesupport_c: rosidl_typesupport_fastrtps_c;rosidl_typesupport_introspection_c
[0.951s] -- Found rosidl_adapter: 1.2.0 (/opt/ros/foxy/share/rosidl_adapter/cmake)
[1.049s] -- Found OpenSSL: /usr/lib/x86_64-linux-gnu/libcrypto.so (found version "1.1.1f")  
[1.077s] -- Found FastRTPS: /opt/ros/foxy/include  
[1.184s] -- Using all available rosidl_typesupport_cpp: rosidl_typesupport_fastrtps_cpp;rosidl_typesupport_introspection_cpp
[1.266s] -- Found rmw_implementation_cmake: 1.0.2 (/opt/ros/foxy/share/rmw_implementation_cmake/cmake)
[1.271s] -- Using RMW implementation 'rmw_fastrtps_cpp' as default
[1.273s] -- Looking for pthread.h
[1.331s] -- Looking for pthread.h - found
[1.331s] -- Performing Test CMAKE_HAVE_LIBC_PTHREAD
[1.384s] -- Performing Test CMAKE_HAVE_LIBC_PTHREAD - Failed
[1.384s] -- Looking for pthread_create in pthreads
[1.431s] -- Looking for pthread_create in pthreads - not found
[1.431s] -- Looking for pthread_create in pthread
[1.487s] -- Looking for pthread_create in pthread - found
[1.489s] -- Found Threads: TRUE  
[1.669s] -- Found ament_lint_auto: 0.9.6 (/opt/ros/foxy/share/ament_lint_auto/cmake)
[1.755s] -- Added test 'copyright' to check source files copyright and LICENSE
[1.758s] -- Added test 'lint_cmake' to check CMake code style
[1.760s] -- Added test 'xmllint' to check XML markup files
[1.764s] -- Configuring done
[1.766s] -- Generating done
[1.767s] -- Build files have been written to: /home/mpuig/ros2_course/ros2_ws/build/ros2_app_cpp
[1.775s] Invoked command in '/home/mpuig/ros2_course/ros2_ws/build/ros2_app_cpp' returned '0': CMAKE_PREFIX_PATH=/opt/ros/foxy /usr/bin/cmake /home/mpuig/ros2_course/ros2_ws/src/ros2_app_cpp -DCMAKE_INSTALL_PREFIX=/home/mpuig/ros2_course/ros2_ws/install/ros2_app_cpp
[1.776s] Invoking command in '/home/mpuig/ros2_course/ros2_ws/build/ros2_app_cpp': CMAKE_PREFIX_PATH=/opt/ros/foxy /usr/bin/cmake --build /home/mpuig/ros2_course/ros2_ws/build/ros2_app_cpp -- -j4 -l4
[1.814s] Invoked command in '/home/mpuig/ros2_course/ros2_ws/build/ros2_app_cpp' returned '0': CMAKE_PREFIX_PATH=/opt/ros/foxy /usr/bin/cmake --build /home/mpuig/ros2_course/ros2_ws/build/ros2_app_cpp -- -j4 -l4
[1.839s] Invoking command in '/home/mpuig/ros2_course/ros2_ws/build/ros2_app_cpp': CMAKE_PREFIX_PATH=/opt/ros/foxy /usr/bin/cmake --install /home/mpuig/ros2_course/ros2_ws/build/ros2_app_cpp
[1.851s] -- Install configuration: ""
[1.851s] -- Installing: /home/mpuig/ros2_course/ros2_ws/install/ros2_app_cpp/share/ament_index/resource_index/package_run_dependencies/ros2_app_cpp
[1.851s] -- Installing: /home/mpuig/ros2_course/ros2_ws/install/ros2_app_cpp/share/ament_index/resource_index/parent_prefix_path/ros2_app_cpp
[1.851s] -- Installing: /home/mpuig/ros2_course/ros2_ws/install/ros2_app_cpp/share/ros2_app_cpp/environment/ament_prefix_path.sh
[1.851s] -- Installing: /home/mpuig/ros2_course/ros2_ws/install/ros2_app_cpp/share/ros2_app_cpp/environment/ament_prefix_path.dsv
[1.851s] -- Installing: /home/mpuig/ros2_course/ros2_ws/install/ros2_app_cpp/share/ros2_app_cpp/environment/path.sh
[1.852s] -- Installing: /home/mpuig/ros2_course/ros2_ws/install/ros2_app_cpp/share/ros2_app_cpp/environment/path.dsv
[1.852s] -- Installing: /home/mpuig/ros2_course/ros2_ws/install/ros2_app_cpp/share/ros2_app_cpp/local_setup.bash
[1.852s] -- Installing: /home/mpuig/ros2_course/ros2_ws/install/ros2_app_cpp/share/ros2_app_cpp/local_setup.sh
[1.852s] -- Installing: /home/mpuig/ros2_course/ros2_ws/install/ros2_app_cpp/share/ros2_app_cpp/local_setup.zsh
[1.852s] -- Installing: /home/mpuig/ros2_course/ros2_ws/install/ros2_app_cpp/share/ros2_app_cpp/local_setup.dsv
[1.852s] -- Installing: /home/mpuig/ros2_course/ros2_ws/install/ros2_app_cpp/share/ros2_app_cpp/package.dsv
[1.852s] -- Installing: /home/mpuig/ros2_course/ros2_ws/install/ros2_app_cpp/share/ament_index/resource_index/packages/ros2_app_cpp
[1.852s] -- Installing: /home/mpuig/ros2_course/ros2_ws/install/ros2_app_cpp/share/ros2_app_cpp/cmake/ros2_app_cppConfig.cmake
[1.852s] -- Installing: /home/mpuig/ros2_course/ros2_ws/install/ros2_app_cpp/share/ros2_app_cpp/cmake/ros2_app_cppConfig-version.cmake
[1.852s] -- Installing: /home/mpuig/ros2_course/ros2_ws/install/ros2_app_cpp/share/ros2_app_cpp/package.xml
[1.857s] Invoked command in '/home/mpuig/ros2_course/ros2_ws/build/ros2_app_cpp' returned '0': CMAKE_PREFIX_PATH=/opt/ros/foxy /usr/bin/cmake --install /home/mpuig/ros2_course/ros2_ws/build/ros2_app_cpp
